-------------------------------------------------------------------------------
Test set: com.portfolio.David.DavidApplicationTests
-------------------------------------------------------------------------------
Tests run: 1, Failures: 0, Errors: 1, Skipped: 0, Time elapsed: 7.241 s <<< FAILURE! - in com.portfolio.David.DavidApplicationTests
contextLoads  Time elapsed: 0.001 s  <<< ERROR!
java.lang.IllegalStateException: Failed to load ApplicationContext
Caused by: org.springframework.beans.factory.BeanCreationException: Error creating bean with name 'springSecurityFilterChain' defined in class path resource [org/springframework/security/config/annotation/web/configuration/WebSecurityConfiguration.class]: Bean instantiation via factory method failed; nested exception is org.springframework.beans.BeanInstantiationException: Failed to instantiate [javax.servlet.Filter]: Factory method 'springSecurityFilterChain' threw exception; nested exception is org.springframework.beans.factory.NoSuchBeanDefinitionException: No bean named 'mvcHandlerMappingIntrospector' available: A Bean named mvcHandlerMappingIntrospector of type org.springframework.web.servlet.handler.HandlerMappingIntrospector is required to use MvcRequestMatcher. Please ensure Spring Security & Spring MVC are configured in a shared ApplicationContext.
Caused by: org.springframework.beans.BeanInstantiationException: Failed to instantiate [javax.servlet.Filter]: Factory method 'springSecurityFilterChain' threw exception; nested exception is org.springframework.beans.factory.NoSuchBeanDefinitionException: No bean named 'mvcHandlerMappingIntrospector' available: A Bean named mvcHandlerMappingIntrospector of type org.springframework.web.servlet.handler.HandlerMappingIntrospector is required to use MvcRequestMatcher. Please ensure Spring Security & Spring MVC are configured in a shared ApplicationContext.
Caused by: org.springframework.beans.factory.NoSuchBeanDefinitionException: No bean named 'mvcHandlerMappingIntrospector' available: A Bean named mvcHandlerMappingIntrospector of type org.springframework.web.servlet.handler.HandlerMappingIntrospector is required to use MvcRequestMatcher. Please ensure Spring Security & Spring MVC are configured in a shared ApplicationContext.

